#
# There is insufficient memory for the Java Runtime Environment to continue.
# Native memory allocation (malloc) failed to allocate 1879216 bytes for Chunk::new
# Possible reasons:
#   The system is out of physical RAM or swap space
#   In 32 bit mode, the process size limit was hit
# Possible solutions:
#   Reduce memory load on the system
#   Increase physical memory or swap space
#   Check if swap backing store is full
#   Use 64 bit Java on a 64 bit OS
#   Decrease Java heap size (-Xmx/-Xms)
#   Decrease number of Java threads
#   Decrease Java thread stack sizes (-Xss)
#   Set larger code cache with -XX:ReservedCodeCacheSize=
# This output file may be truncated or incomplete.
#
#  Out of Memory Error (allocation.cpp:390), pid=2332, tid=0x000000000000245c
#
# JRE version: Java(TM) SE Runtime Environment (8.0_131-b11) (build 1.8.0_131-b11)
# Java VM: Java HotSpot(TM) 64-Bit Server VM (25.131-b11 mixed mode windows-amd64 compressed oops)
# Failed to write core dump. Minidumps are not enabled by default on client versions of Windows
#

---------------  T H R E A D  ---------------

Current thread (0x0000000018fed800):  JavaThread "C2 CompilerThread0" daemon [_thread_in_native, id=9308, stack(0x000000001a740000,0x000000001a840000)]

Stack: [0x000000001a740000,0x000000001a840000]
[error occurred during error reporting (printing stack bounds), id 0xc0000005]

Native frames: (J=compiled Java code, j=interpreted, Vv=VM code, C=native code)


Current CompileTask:
C2:   9985 4806       4       org.objectweb.asm.ClassReader::accept (5493 bytes)


---------------  P R O C E S S  ---------------

Java Threads: ( => current thread )
  0x000000001904d800 JavaThread "Service Thread" daemon [_thread_blocked, id=8984, stack(0x000000001ae40000,0x000000001af40000)]
  0x0000000018ffb000 JavaThread "C1 CompilerThread2" daemon [_thread_blocked, id=2748, stack(0x000000001a940000,0x000000001aa40000)]
  0x0000000018ff0000 JavaThread "C2 CompilerThread1" daemon [_thread_blocked, id=11476, stack(0x000000001a840000,0x000000001a940000)]
=>0x0000000018fed800 JavaThread "C2 CompilerThread0" daemon [_thread_in_native, id=9308, stack(0x000000001a740000,0x000000001a840000)]
  0x0000000018feb800 JavaThread "Attach Listener" daemon [_thread_blocked, id=4184, stack(0x000000001a640000,0x000000001a740000)]
  0x0000000018fea000 JavaThread "Signal Dispatcher" daemon [_thread_blocked, id=4372, stack(0x000000001a540000,0x000000001a640000)]
  0x0000000018fda800 JavaThread "Finalizer" daemon [_thread_blocked, id=15512, stack(0x000000001a250000,0x000000001a350000)]
  0x00000000044f1000 JavaThread "Reference Handler" daemon [_thread_blocked, id=9264, stack(0x000000001a150000,0x000000001a250000)]
  0x000000000010e000 JavaThread "main" [_thread_in_native, id=636, stack(0x0000000004210000,0x0000000004310000)]

Other Threads:
  0x0000000018fb7000 VMThread [stack: 0x000000001a050000,0x000000001a150000] [id=14936]
  0x000000001aaa2000 WatcherThread [stack: 0x000000001af40000,0x000000001b040000] [id=13600]

VM state:not at safepoint (normal execution)

VM Mutex/Monitor currently owned by a thread: None

Heap:
 PSYoungGen      total 202752K, used 142335K [0x00000000d6000000, 0x00000000e5c80000, 0x0000000100000000)
  eden space 185344K, 67% used [0x00000000d6000000,0x00000000dda02e18,0x00000000e1500000)
  from space 17408K, 99% used [0x00000000e3200000,0x00000000e42fd110,0x00000000e4300000)
  to   space 29696K, 0% used [0x00000000e1500000,0x00000000e1500000,0x00000000e3200000)
 ParOldGen       total 67072K, used 46873K [0x0000000082000000, 0x0000000086180000, 0x00000000d6000000)
  object space 67072K, 69% used [0x0000000082000000,0x0000000084dc64a0,0x0000000086180000)
 Metaspace       used 26403K, capacity 26950K, committed 27136K, reserved 1073152K
  class space    used 3075K, capacity 3230K, committed 3328K, reserved 1048576K

Card table byte_map: [0x00000000138c0000,0x0000000013cc0000] byte_map_base: 0x00000000134b0000

Marking Bits: (ParMarkBitMap*) 0x00000000538bc720
 Begin Bits: [0x0000000014360000, 0x00000000162e0000)
 End Bits:   [0x00000000162e0000, 0x0000000018260000)

Polling page: 0x0000000002600000

CodeCache: size=245760Kb used=13420Kb max_used=14916Kb free=232339Kb
 bounds [0x0000000004500000, 0x00000000053e0000, 0x0000000013500000]
 total_blobs=4710 nmethods=4302 adapters=319
 compilation: enabled

Compilation events (10 events):
Event: 9.695 Thread 0x0000000018ff0000 4807  s!   4       sun.net.www.protocol.file.Handler::openConnection (269 bytes)
Event: 9.737 Thread 0x0000000018ff0000 nmethod 4807 0x00000000047676d0 code [0x00000000047678c0, 0x0000000004768cf8]
Event: 9.795 Thread 0x0000000018ff0000 4808       4       sun.nio.cs.UTF_8$Encoder::<init> (6 bytes)
Event: 9.801 Thread 0x0000000018ff0000 nmethod 4808 0x00000000046a4290 code [0x00000000046a4400, 0x00000000046a4778]
Event: 9.858 Thread 0x0000000018ff0000 4809       4       java.lang.AbstractStringBuilder::<init> (12 bytes)
Event: 9.860 Thread 0x0000000018ff0000 nmethod 4809 0x0000000004753150 code [0x00000000047532a0, 0x00000000047533d8]
Event: 9.934 Thread 0x0000000018ffb000 4810       3       org.fusesource.jansi.FilterPrintStream::write (45 bytes)
Event: 9.934 Thread 0x0000000018ffb000 nmethod 4810 0x000000000475d450 code [0x000000000475d5e0, 0x000000000475d9d8]
Event: 9.938 Thread 0x0000000018ffb000 4811  s    3       org.fusesource.jansi.AnsiPrintStream::filter (948 bytes)
Event: 9.944 Thread 0x0000000018ffb000 nmethod 4811 0x0000000004833010 code [0x0000000004833800, 0x0000000004838ee8]

GC Heap History (10 events):
Event: 3.417 GC heap before
{Heap before GC invocations=5 (full 0):
 PSYoungGen      total 70656K, used 70640K [0x00000000d6000000, 0x00000000daa00000, 0x0000000100000000)
  eden space 65536K, 100% used [0x00000000d6000000,0x00000000da000000,0x00000000da000000)
  from space 5120K, 99% used [0x00000000da500000,0x00000000da9fc030,0x00000000daa00000)
  to   space 5120K, 0% used [0x00000000da000000,0x00000000da000000,0x00000000da500000)
 ParOldGen       total 86016K, used 6766K [0x0000000082000000, 0x0000000087400000, 0x00000000d6000000)
  object space 86016K, 7% used [0x0000000082000000,0x000000008269b998,0x0000000087400000)
 Metaspace       used 20102K, capacity 20406K, committed 20480K, reserved 1067008K
  class space    used 2449K, capacity 2543K, committed 2560K, reserved 1048576K
Event: 3.437 GC heap after
Heap after GC invocations=5 (full 0):
 PSYoungGen      total 70656K, used 5088K [0x00000000d6000000, 0x00000000df600000, 0x0000000100000000)
  eden space 65536K, 0% used [0x00000000d6000000,0x00000000d6000000,0x00000000da000000)
  from space 5120K, 99% used [0x00000000da000000,0x00000000da4f8020,0x00000000da500000)
  to   space 11264K, 0% used [0x00000000deb00000,0x00000000deb00000,0x00000000df600000)
 ParOldGen       total 86016K, used 11590K [0x0000000082000000, 0x0000000087400000, 0x00000000d6000000)
  object space 86016K, 13% used [0x0000000082000000,0x0000000082b51848,0x0000000087400000)
 Metaspace       used 20102K, capacity 20406K, committed 20480K, reserved 1067008K
  class space    used 2449K, capacity 2543K, committed 2560K, reserved 1048576K
}
Event: 3.601 GC heap before
{Heap before GC invocations=6 (full 0):
 PSYoungGen      total 70656K, used 22203K [0x00000000d6000000, 0x00000000df600000, 0x0000000100000000)
  eden space 65536K, 26% used [0x00000000d6000000,0x00000000d70b6d28,0x00000000da000000)
  from space 5120K, 99% used [0x00000000da000000,0x00000000da4f8020,0x00000000da500000)
  to   space 11264K, 0% used [0x00000000deb00000,0x00000000deb00000,0x00000000df600000)
 ParOldGen       total 86016K, used 11590K [0x0000000082000000, 0x0000000087400000, 0x00000000d6000000)
  object space 86016K, 13% used [0x0000000082000000,0x0000000082b51848,0x0000000087400000)
 Metaspace       used 20800K, capacity 21142K, committed 21296K, reserved 1069056K
  class space    used 2520K, capacity 2639K, committed 2688K, reserved 1048576K
Event: 3.620 GC heap after
Heap after GC invocations=6 (full 0):
 PSYoungGen      total 141312K, used 6372K [0x00000000d6000000, 0x00000000df500000, 0x0000000100000000)
  eden space 131072K, 0% used [0x00000000d6000000,0x00000000d6000000,0x00000000de000000)
  from space 10240K, 62% used [0x00000000deb00000,0x00000000df139398,0x00000000df500000)
  to   space 10752K, 0% used [0x00000000de000000,0x00000000de000000,0x00000000dea80000)
 ParOldGen       total 86016K, used 11598K [0x0000000082000000, 0x0000000087400000, 0x00000000d6000000)
  object space 86016K, 13% used [0x0000000082000000,0x0000000082b53848,0x0000000087400000)
 Metaspace       used 20800K, capacity 21142K, committed 21296K, reserved 1069056K
  class space    used 2520K, capacity 2639K, committed 2688K, reserved 1048576K
}
Event: 3.620 GC heap before
{Heap before GC invocations=7 (full 1):
 PSYoungGen      total 141312K, used 6372K [0x00000000d6000000, 0x00000000df500000, 0x0000000100000000)
  eden space 131072K, 0% used [0x00000000d6000000,0x00000000d6000000,0x00000000de000000)
  from space 10240K, 62% used [0x00000000deb00000,0x00000000df139398,0x00000000df500000)
  to   space 10752K, 0% used [0x00000000de000000,0x00000000de000000,0x00000000dea80000)
 ParOldGen       total 86016K, used 11598K [0x0000000082000000, 0x0000000087400000, 0x00000000d6000000)
  object space 86016K, 13% used [0x0000000082000000,0x0000000082b53848,0x0000000087400000)
 Metaspace       used 20800K, capacity 21142K, committed 21296K, reserved 1069056K
  class space    used 2520K, capacity 2639K, committed 2688K, reserved 1048576K
Event: 3.731 GC heap after
Heap after GC invocations=7 (full 1):
 PSYoungGen      total 141312K, used 0K [0x00000000d6000000, 0x00000000df500000, 0x0000000100000000)
  eden space 131072K, 0% used [0x00000000d6000000,0x00000000d6000000,0x00000000de000000)
  from space 10240K, 0% used [0x00000000deb00000,0x00000000deb00000,0x00000000df500000)
  to   space 10752K, 0% used [0x00000000de000000,0x00000000de000000,0x00000000dea80000)
 ParOldGen       total 67072K, used 13538K [0x0000000082000000, 0x0000000086180000, 0x00000000d6000000)
  object space 67072K, 20% used [0x0000000082000000,0x0000000082d38b80,0x0000000086180000)
 Metaspace       used 20800K, capacity 21142K, committed 21296K, reserved 1069056K
  class space    used 2520K, capacity 2639K, committed 2688K, reserved 1048576K
}
Event: 6.521 GC heap before
{Heap before GC invocations=8 (full 1):
 PSYoungGen      total 141312K, used 131072K [0x00000000d6000000, 0x00000000df500000, 0x0000000100000000)
  eden space 131072K, 100% used [0x00000000d6000000,0x00000000de000000,0x00000000de000000)
  from space 10240K, 0% used [0x00000000deb00000,0x00000000deb00000,0x00000000df500000)
  to   space 10752K, 0% used [0x00000000de000000,0x00000000de000000,0x00000000dea80000)
 ParOldGen       total 67072K, used 13538K [0x0000000082000000, 0x0000000086180000, 0x00000000d6000000)
  object space 67072K, 20% used [0x0000000082000000,0x0000000082d38b80,0x0000000086180000)
 Metaspace       used 26228K, capacity 26758K, committed 27136K, reserved 1073152K
  class space    used 3070K, capacity 3230K, committed 3328K, reserved 1048576K
Event: 6.551 GC heap after
Heap after GC invocations=8 (full 1):
 PSYoungGen      total 141824K, used 10736K [0x00000000d6000000, 0x00000000e4300000, 0x0000000100000000)
  eden space 131072K, 0% used [0x00000000d6000000,0x00000000d6000000,0x00000000de000000)
  from space 10752K, 99% used [0x00000000de000000,0x00000000dea7c308,0x00000000dea80000)
  to   space 17408K, 0% used [0x00000000e3200000,0x00000000e3200000,0x00000000e4300000)
 ParOldGen       total 67072K, used 23933K [0x0000000082000000, 0x0000000086180000, 0x00000000d6000000)
  object space 67072K, 35% used [0x0000000082000000,0x000000008375f510,0x0000000086180000)
 Metaspace       used 26228K, capacity 26758K, committed 27136K, reserved 1073152K
  class space    used 3070K, capacity 3230K, committed 3328K, reserved 1048576K
}
Event: 8.590 GC heap before
{Heap before GC invocations=9 (full 1):
 PSYoungGen      total 141824K, used 141808K [0x00000000d6000000, 0x00000000e4300000, 0x0000000100000000)
  eden space 131072K, 100% used [0x00000000d6000000,0x00000000de000000,0x00000000de000000)
  from space 10752K, 99% used [0x00000000de000000,0x00000000dea7c308,0x00000000dea80000)
  to   space 17408K, 0% used [0x00000000e3200000,0x00000000e3200000,0x00000000e4300000)
 ParOldGen       total 67072K, used 23933K [0x0000000082000000, 0x0000000086180000, 0x00000000d6000000)
  object space 67072K, 35% used [0x0000000082000000,0x000000008375f510,0x0000000086180000)
 Metaspace       used 26383K, capacity 26886K, committed 27136K, reserved 1073152K
  class space    used 3074K, capacity 3230K, committed 3328K, reserved 1048576K
Event: 8.668 GC heap after
Heap after GC invocations=9 (full 1):
 PSYoungGen      total 202752K, used 17396K [0x00000000d6000000, 0x00000000e5c80000, 0x0000000100000000)
  eden space 185344K, 0% used [0x00000000d6000000,0x00000000d6000000,0x00000000e1500000)
  from space 17408K, 99% used [0x00000000e3200000,0x00000000e42fd110,0x00000000e4300000)
  to   space 29696K, 0% used [0x00000000e1500000,0x00000000e1500000,0x00000000e3200000)
 ParOldGen       total 67072K, used 46873K [0x0000000082000000, 0x0000000086180000, 0x00000000d6000000)
  object space 67072K, 69% used [0x0000000082000000,0x0000000084dc64a0,0x0000000086180000)
 Metaspace       used 26383K, capacity 26886K, committed 27136K, reserved 1073152K
  class space    used 3074K, capacity 3230K, committed 3328K, reserved 1048576K
}

Deoptimization events (10 events):
Event: 5.213 Thread 0x000000000010e000 Uncommon trap: reason=unstable_if action=reinterpret pc=0x000000000475b754 method=java.lang.AbstractStringBuilder.append(Ljava/lang/String;)Ljava/lang/AbstractStringBuilder; @ 1
Event: 5.270 Thread 0x000000000010e000 Uncommon trap: reason=unstable_if action=reinterpret pc=0x0000000005084814 method=java.util.regex.Pattern$CharProperty.match(Ljava/util/regex/Matcher;ILjava/lang/CharSequence;)Z @ 40
Event: 5.333 Thread 0x000000000010e000 Uncommon trap: reason=unstable_if action=reinterpret pc=0x00000000049e99e8 method=java.util.LinkedHashMap.get(Ljava/lang/Object;)Ljava/lang/Object; @ 20
Event: 5.335 Thread 0x000000000010e000 Uncommon trap: reason=class_check action=maybe_recompile pc=0x0000000004c531f4 method=java.util.Hashtable.addEntry(ILjava/lang/Object;Ljava/lang/Object;I)V @ 38
Event: 5.384 Thread 0x000000000010e000 Uncommon trap: reason=class_check action=maybe_recompile pc=0x0000000004c531f4 method=java.util.Hashtable.addEntry(ILjava/lang/Object;Ljava/lang/Object;I)V @ 38
Event: 5.850 Thread 0x000000000010e000 Uncommon trap: reason=unstable_if action=reinterpret pc=0x00000000050ed830 method=java.util.zip.ZipInputStream.read([BII)I @ 38
Event: 5.850 Thread 0x000000000010e000 Uncommon trap: reason=unstable_if action=reinterpret pc=0x00000000050eb818 method=java.util.zip.ZipInputStream.read([BII)I @ 38
Event: 6.088 Thread 0x000000000010e000 Uncommon trap: reason=unstable_if action=reinterpret pc=0x00000000049a8bdc method=java.lang.ClassLoader.checkName(Ljava/lang/String;)Z @ 20
Event: 6.088 Thread 0x000000000010e000 Uncommon trap: reason=unstable_if action=reinterpret pc=0x000000000480a5fc method=java.lang.ClassLoader.checkName(Ljava/lang/String;)Z @ 20
Event: 6.660 Thread 0x000000000010e000 Uncommon trap: reason=unstable_if action=reinterpret pc=0x0000000005145f90 method=java.util.jar.JarInputStream.getNextEntry()Ljava/util/zip/ZipEntry; @ 74

Internal exceptions (10 events):
Event: 6.119 Thread 0x000000000010e000 Exception <a 'java/lang/ClassNotFoundException': sun/net/www/protocol/c/Handler> (0x00000000dbd80198) thrown at [C:\re\workspace\8-2-build-windows-amd64-cygwin\jdk8u131\8869\hotspot\src\share\vm\classfile\systemDictionary.cpp, line 210]
Event: 6.123 Thread 0x000000000010e000 Exception <a 'java/lang/ClassNotFoundException': sun/net/www/protocol/c/Handler> (0x00000000dbd82d18) thrown at [C:\re\workspace\8-2-build-windows-amd64-cygwin\jdk8u131\8869\hotspot\src\share\vm\classfile\systemDictionary.cpp, line 210]
Event: 6.124 Thread 0x000000000010e000 Exception <a 'java/lang/ClassNotFoundException': sun/net/www/protocol/c/Handler> (0x00000000dbd858c8) thrown at [C:\re\workspace\8-2-build-windows-amd64-cygwin\jdk8u131\8869\hotspot\src\share\vm\classfile\systemDictionary.cpp, line 210]
Event: 6.125 Thread 0x000000000010e000 Exception <a 'java/lang/ClassNotFoundException': sun/net/www/protocol/c/Handler> (0x00000000dbd88520) thrown at [C:\re\workspace\8-2-build-windows-amd64-cygwin\jdk8u131\8869\hotspot\src\share\vm\classfile\systemDictionary.cpp, line 210]
Event: 6.127 Thread 0x000000000010e000 Exception <a 'java/lang/ClassNotFoundException': sun/net/www/protocol/c/Handler> (0x00000000dbd8b2a8) thrown at [C:\re\workspace\8-2-build-windows-amd64-cygwin\jdk8u131\8869\hotspot\src\share\vm\classfile\systemDictionary.cpp, line 210]
Event: 6.130 Thread 0x000000000010e000 Exception <a 'java/lang/ClassNotFoundException': sun/net/www/protocol/c/Handler> (0x00000000dbd8e420) thrown at [C:\re\workspace\8-2-build-windows-amd64-cygwin\jdk8u131\8869\hotspot\src\share\vm\classfile\systemDictionary.cpp, line 210]
Event: 6.130 Thread 0x000000000010e000 Exception <a 'java/lang/ClassNotFoundException': sun/net/www/protocol/c/Handler> (0x00000000dbd91070) thrown at [C:\re\workspace\8-2-build-windows-amd64-cygwin\jdk8u131\8869\hotspot\src\share\vm\classfile\systemDictionary.cpp, line 210]
Event: 6.131 Thread 0x000000000010e000 Exception <a 'java/lang/ClassNotFoundException': sun/net/www/protocol/c/Handler> (0x00000000dbd938d0) thrown at [C:\re\workspace\8-2-build-windows-amd64-cygwin\jdk8u131\8869\hotspot\src\share\vm\classfile\systemDictionary.cpp, line 210]
Event: 6.132 Thread 0x000000000010e000 Exception <a 'java/lang/ClassNotFoundException': sun/net/www/protocol/c/Handler> (0x00000000dbd96640) thrown at [C:\re\workspace\8-2-build-windows-amd64-cygwin\jdk8u131\8869\hotspot\src\share\vm\classfile\systemDictionary.cpp, line 210]
Event: 9.908 Thread 0x000000000010e000 Exception <a 'java/lang/OutOfMemoryError'> (0x00000000dd72af90) thrown at [C:\re\workspace\8-2-build-windows-amd64-cygwin\jdk8u131\8869\hotspot\src\share\vm\prims\jni.cpp, line 735]

Events (10 events):
Event: 9.672 Thread 0x000000000010e000 DEOPT PACKING pc=0x00000000052a8a81 sp=0x000000000430cad0
Event: 9.672 Thread 0x000000000010e000 DEOPT UNPACKING pc=0x000000000454787f sp=0x000000000430cc08 mode 0
Event: 9.691 loading class java/net/Proxy
Event: 9.692 loading class java/net/Proxy done
Event: 9.750 Thread 0x000000000010e000 DEOPT PACKING pc=0x00000000052aab01 sp=0x000000000430cad0
Event: 9.750 Thread 0x000000000010e000 DEOPT UNPACKING pc=0x000000000454787f sp=0x000000000430cc08 mode 0
Event: 9.780 Thread 0x000000000010e000 DEOPT PACKING pc=0x00000000052a8a81 sp=0x000000000430cad0
Event: 9.780 Thread 0x000000000010e000 DEOPT UNPACKING pc=0x000000000454787f sp=0x000000000430cc08 mode 0
Event: 9.795 loading class sun/nio/cs/UTF_8$1
Event: 9.795 loading class sun/nio/cs/UTF_8$1 done


Dynamic libraries:
0x00007ff619150000 - 0x00007ff619187000 	C:\Program Files\Java\jdk1.8.0_131\bin\java.exe
0x00007fff7e350000 - 0x00007fff7e530000 	C:\WINDOWS\SYSTEM32\ntdll.dll
0x00007fff7e150000 - 0x00007fff7e1fe000 	C:\WINDOWS\System32\KERNEL32.DLL
0x00007fff7ac40000 - 0x00007fff7aea6000 	C:\WINDOWS\System32\KERNELBASE.dll
0x00007fff7bd60000 - 0x00007fff7be01000 	C:\WINDOWS\System32\ADVAPI32.dll
0x00007fff7bc80000 - 0x00007fff7bd1d000 	C:\WINDOWS\System32\msvcrt.dll
0x00007fff7ba00000 - 0x00007fff7ba5b000 	C:\WINDOWS\System32\sechost.dll
0x00007fff7e200000 - 0x00007fff7e31f000 	C:\WINDOWS\System32\RPCRT4.dll
0x00007fff7dc40000 - 0x00007fff7ddcf000 	C:\WINDOWS\System32\USER32.dll
0x00007fff7ac20000 - 0x00007fff7ac40000 	C:\WINDOWS\System32\win32u.dll
0x00007fff7bd20000 - 0x00007fff7bd48000 	C:\WINDOWS\System32\GDI32.dll
0x00007fff7aa80000 - 0x00007fff7ac13000 	C:\WINDOWS\System32\gdi32full.dll
0x00007fff7b6d0000 - 0x00007fff7b76b000 	C:\WINDOWS\System32\msvcp_win.dll
0x00007fff7a7b0000 - 0x00007fff7a8a6000 	C:\WINDOWS\System32\ucrtbase.dll
0x00007fff703c0000 - 0x00007fff70629000 	C:\WINDOWS\WinSxS\amd64_microsoft.windows.common-controls_6595b64144ccf1df_6.0.16299.371_none_15c7d1789365a290\COMCTL32.dll
0x00007fff7de30000 - 0x00007fff7e138000 	C:\WINDOWS\System32\combase.dll
0x00007fff7b650000 - 0x00007fff7b6c2000 	C:\WINDOWS\System32\bcryptPrimitives.dll
0x00007fff7b9d0000 - 0x00007fff7b9fd000 	C:\WINDOWS\System32\IMM32.DLL
0x0000000053940000 - 0x0000000053a12000 	C:\Program Files\Java\jdk1.8.0_131\jre\bin\msvcr100.dll
0x00000000530a0000 - 0x000000005393c000 	C:\Program Files\Java\jdk1.8.0_131\jre\bin\server\jvm.dll
0x00007fff7dbc0000 - 0x00007fff7dbc8000 	C:\WINDOWS\System32\PSAPI.DLL
0x00007fff79990000 - 0x00007fff79999000 	C:\WINDOWS\SYSTEM32\WSOCK32.dll
0x00007fff6df10000 - 0x00007fff6df1a000 	C:\WINDOWS\SYSTEM32\VERSION.dll
0x00007fff78430000 - 0x00007fff78453000 	C:\WINDOWS\SYSTEM32\WINMM.dll
0x00007fff7dbd0000 - 0x00007fff7dc3c000 	C:\WINDOWS\System32\WS2_32.dll
0x00007fff783d0000 - 0x00007fff783fa000 	C:\WINDOWS\SYSTEM32\WINMMBASE.dll
0x00007fff7aeb0000 - 0x00007fff7aefa000 	C:\WINDOWS\System32\cfgmgr32.dll
0x0000000053090000 - 0x000000005309f000 	C:\Program Files\Java\jdk1.8.0_131\jre\bin\verify.dll
0x0000000053060000 - 0x0000000053089000 	C:\Program Files\Java\jdk1.8.0_131\jre\bin\java.dll
0x0000000053040000 - 0x0000000053056000 	C:\Program Files\Java\jdk1.8.0_131\jre\bin\zip.dll
0x00007fff7c2e0000 - 0x00007fff7d716000 	C:\WINDOWS\System32\SHELL32.dll
0x00007fff7db10000 - 0x00007fff7dbb6000 	C:\WINDOWS\System32\shcore.dll
0x00007fff7af00000 - 0x00007fff7b647000 	C:\WINDOWS\System32\windows.storage.dll
0x00007fff7ddd0000 - 0x00007fff7de21000 	C:\WINDOWS\System32\shlwapi.dll
0x00007fff7a6c0000 - 0x00007fff7a6d1000 	C:\WINDOWS\System32\kernel.appcore.dll
0x00007fff7a6e0000 - 0x00007fff7a72c000 	C:\WINDOWS\System32\powrprof.dll
0x00007fff7a730000 - 0x00007fff7a74b000 	C:\WINDOWS\System32\profapi.dll
0x00007fff77230000 - 0x00007fff7723a000 	C:\Program Files\apache-maven-3.5.4-bin\apache-maven-3.5.4\lib\jansi-native\windows64\jansi.dll
0x0000000053020000 - 0x000000005303a000 	C:\Program Files\Java\jdk1.8.0_131\jre\bin\net.dll
0x00007fff79ed0000 - 0x00007fff79f36000 	C:\WINDOWS\system32\mswsock.dll
0x0000000053000000 - 0x0000000053011000 	C:\Program Files\Java\jdk1.8.0_131\jre\bin\nio.dll

VM Arguments:
jvm_args: -Dclassworlds.conf=C:\Program Files\apache-maven-3.5.4-bin\apache-maven-3.5.4\bin\..\bin\m2.conf -Dmaven.home=C:\Program Files\apache-maven-3.5.4-bin\apache-maven-3.5.4\bin\.. -Dlibrary.jansi.path=C:\Program Files\apache-maven-3.5.4-bin\apache-maven-3.5.4\bin\..\lib\jansi-native -Dmaven.multiModuleProjectDirectory=C:\Users\linhv\Desktop\VoThiCamLinh_s3655204_sadi_a2 
java_command: org.codehaus.plexus.classworlds.launcher.Launcher jetty:run
java_class_path (initial): C:\Program Files\apache-maven-3.5.4-bin\apache-maven-3.5.4\bin\..\boot\plexus-classworlds-2.5.2.jar
Launcher Type: SUN_STANDARD

Environment Variables:
JAVA_HOME=C:\Program Files\Java\jdk1.8.0_131
PATH=C:\Program Files (x86)\Common Files\Oracle\Java\javapath;C:\Program Files (x86)\Intel\iCLS Client\;C:\Program Files\Intel\iCLS Client\;"C:\ProgramData\Oracle\Java\javapath;C:\Program Files (x86)\CodeBlocks\MinGW";C:\Program Files\Dell\DW WLAN Card;C:\WINDOWS\system32;C:\WINDOWS;C:\WINDOWS\System32\Wbem;C:\WINDOWS\System32\WindowsPowerShell\v1.0\;%M2_HOME%\bin;c:\Program Files\WIDCOMM\Bluetooth Software\;c:\Program Files\WIDCOMM\Bluetooth Software\syswow64;C:\Program Files\nodejs\;C:\Program Files\PuTTY\;C:\Program Files\Amazon\AWSCLI\;C:\Program Files (x86)\Intel\Intel(R) Management Engine Components\DAL;C:\Program Files\Intel\Intel(R) Management Engine Components\DAL;C:\Program Files (x86)\Intel\Intel(R) Management Engine Components\IPT;C:\Program Files\Intel\Intel(R) Management Engine Components\IPT;C:\Program Files\Microsoft VS Code\bin;C:\MinGW\bin;C:\Program Files\Microsoft VS Code\bin;C:\Program Files\Heroku\bin;C:\Program Files\MongoDB\Server\3.6\bin;C:\Program Files\apache-maven-3.5.4-bin\apache-maven-3.5.4;C:\Program Files\apache-maven-3.5.4-bin\apache-maven-3.5.4\bin;
USERNAME=Linh Vo
OS=Windows_NT
PROCESSOR_IDENTIFIER=Intel64 Family 6 Model 78 Stepping 3, GenuineIntel



---------------  S Y S T E M  ---------------

OS: Windows 10.0 , 64 bit Build 16299 (10.0.16299.15)

CPU:total 4 (initial active 4) (2 cores per cpu, 2 threads per core) family 6 model 78 stepping 3, cmov, cx8, fxsr, mmx, sse, sse2, sse3, ssse3, sse4.1, sse4.2, popcnt, avx, avx2, aes, clmul, erms, 3dnowpref, lzcnt, ht, tsc, tscinvbit, bmi1, bmi2, adx

Memory: 4k page, physical 8253940k(1581620k free), swap 10933732k(3808k free)

vm_info: Java HotSpot(TM) 64-Bit Server VM (25.131-b11) for windows-amd64 JRE (1.8.0_131-b11), built on Mar 15 2017 01:23:53 by "java_re" with MS VC++ 10.0 (VS2010)

time: Wed Aug 08 22:12:31 2018
elapsed time: 9 seconds (0d 0h 0m 9s)

